2024/08/26 15:14:46 log_file,line: 27     INFO | +++++++++++++++++++++++++++++++++++++++++++++++++++++++++++++++++++++++++++++++++++++++++++++++++++++++++++++
2024/08/26 15:14:46 log_file,line: 28     INFO | Logger object created successfully..
2024/08/26 15:14:46 app_chat7,line: 32     INFO | ----------------NEW_SESSION--------------
2024/08/26 15:14:46 app_chat7,line: 33     INFO | InputText: None
2024/08/26 15:14:46 db_postgresql,line: 71     INFO | ======== logs_chat_saleman sucessfully! ==========}
2024/08/26 15:14:46 main_run,line: 199     INFO | ---results---: Xin chào! Mình là trợ lý AI của bạn tại AIO. Mình đang phát triển nên không phải lúc nào cũng đúng. Bạn có thể phản hồi để giúp mình cải thiện tốt hơn. Mình sẵn sàng giúp bạn với câu hỏi về chính sách và tìm kiếm sản phẩm. Hôm nay bạn cần mình hỗ trợ gì không?
2024/08/26 15:40:42 log_file,line: 27     INFO | +++++++++++++++++++++++++++++++++++++++++++++++++++++++++++++++++++++++++++++++++++++++++++++++++++++++++++++
2024/08/26 15:40:42 log_file,line: 27     INFO | +++++++++++++++++++++++++++++++++++++++++++++++++++++++++++++++++++++++++++++++++++++++++++++++++++++++++++++
2024/08/26 15:40:42 log_file,line: 28     INFO | Logger object created successfully..
2024/08/26 15:40:42 log_file,line: 28     INFO | Logger object created successfully..
2024/08/26 15:40:42 app_chat7,line: 32     INFO | ----------------NEW_SESSION--------------
2024/08/26 15:40:42 app_chat7,line: 32     INFO | ----------------NEW_SESSION--------------
2024/08/26 15:40:42 app_chat7,line: 33     INFO | InputText: cho tôi tồn kho Tenda T6 tại Kho CN Quảng Bình
2024/08/26 15:40:42 app_chat7,line: 33     INFO | InputText: cho tôi tồn kho Tenda T6 tại Kho CN Quảng Bình
2024/08/26 15:40:42 main_run,line: 131     INFO | ---ChatText---
2024/08/26 15:40:42 main_run,line: 131     INFO | ---ChatText---
2024/08/26 15:40:42 chat,line: 84     INFO | =====rasa=====
2024/08/26 15:40:42 chat,line: 84     INFO | =====rasa=====
2024/08/26 15:40:43 chat,line: 103     INFO | +rasa out+:
Anh/chị vui lòng nhập mã hoặc tên sản phẩm và mã tỉnh theo mẫu sau:
2024/08/26 15:40:43 chat,line: 103     INFO | +rasa out+:
Anh/chị vui lòng nhập mã hoặc tên sản phẩm và mã tỉnh theo mẫu sau:
2024/08/26 15:40:43 chat,line: 105     INFO | ====rasa done!====
2024/08/26 15:40:43 chat,line: 105     INFO | ====rasa done!====
2024/08/26 15:40:43 db_postgresql,line: 71     INFO | ======== logs_chat_saleman sucessfully! ==========}
2024/08/26 15:40:43 db_postgresql,line: 71     INFO | ======== logs_chat_saleman sucessfully! ==========}
2024/08/26 15:40:43 main_run,line: 199     INFO | ---results---: Anh/chị vui lòng nhập mã hoặc tên sản phẩm và mã tỉnh theo mẫu sau:
2024/08/26 15:40:43 main_run,line: 199     INFO | ---results---: Anh/chị vui lòng nhập mã hoặc tên sản phẩm và mã tỉnh theo mẫu sau:
2024/08/26 15:40:52 log_file,line: 27     INFO | +++++++++++++++++++++++++++++++++++++++++++++++++++++++++++++++++++++++++++++++++++++++++++++++++++++++++++++
2024/08/26 15:40:52 log_file,line: 27     INFO | +++++++++++++++++++++++++++++++++++++++++++++++++++++++++++++++++++++++++++++++++++++++++++++++++++++++++++++
2024/08/26 15:40:52 log_file,line: 27     INFO | +++++++++++++++++++++++++++++++++++++++++++++++++++++++++++++++++++++++++++++++++++++++++++++++++++++++++++++
2024/08/26 15:40:52 log_file,line: 28     INFO | Logger object created successfully..
2024/08/26 15:40:52 log_file,line: 28     INFO | Logger object created successfully..
2024/08/26 15:40:52 log_file,line: 28     INFO | Logger object created successfully..
2024/08/26 15:40:52 app_chat7,line: 32     INFO | ----------------NEW_SESSION--------------
2024/08/26 15:40:52 app_chat7,line: 32     INFO | ----------------NEW_SESSION--------------
2024/08/26 15:40:52 app_chat7,line: 32     INFO | ----------------NEW_SESSION--------------
2024/08/26 15:40:52 app_chat7,line: 33     INFO | InputText: None
2024/08/26 15:40:52 app_chat7,line: 33     INFO | InputText: None
2024/08/26 15:40:52 app_chat7,line: 33     INFO | InputText: None
2024/08/26 15:40:52 main_run,line: 177     INFO | ---Inventory---
2024/08/26 15:40:52 main_run,line: 177     INFO | ---Inventory---
2024/08/26 15:40:52 main_run,line: 177     INFO | ---Inventory---
2024/08/26 15:40:52 db_postgresql,line: 71     INFO | ======== logs_chat_saleman sucessfully! ==========}
2024/08/26 15:40:52 db_postgresql,line: 71     INFO | ======== logs_chat_saleman sucessfully! ==========}
2024/08/26 15:40:52 db_postgresql,line: 71     INFO | ======== logs_chat_saleman sucessfully! ==========}
2024/08/26 15:40:52 main_run,line: 199     INFO | ---results---: Anh/chị xin thông cảm! Hiện tại hàng tại quảng bình đã hết hãy liên hệ chi nhánh để bổ sung thêm hàng 

Tổng số lượng hàng hóa trên cả nước là 78 (ngoại trừ kho kv)
---------
CNCT: TQG
SP: Dây nhảy UTP Cat6
SL: 6
---------
CNCT: LAN
SP: Ổ đĩa cứng của máy vi tính hiệu Seagate 6000GB (SkyHawk) ST6000VX001
SL: 1
---------
CNCT: HCM
SP: Cáp UTP Cat6 4x2 (305m/hộp)
SL: 3
---------
CNCT: LSN
SP: Đồng hồ cho hệ thống zero export, model: SDT670V
SL: 1
---------
CNCT: NAN
SP: Dây cáp mạng DS-1LN6UZC0 305m CAT6
SL: 0
---------
CNCT: KHA
SP: Đồng hồ cho hệ thống zero export, model: SDT670V
SL: 1
---------
CNCT: LDG
SP: Thẻ nhớ Micro SD chưa ghi hiệu EZVIZ mã CS-CMT-CARDT64G dùng cho máy tính và thiết bị di động 64Gb
SL: 37
---------
CNCT: HCM
SP: Dây nhảy UTP Cat6
SL: 19
---------
CNCT: NAN
SP: Dây cáp mạng Cat6 Hikvision DS-1LN6-UE-W
SL: 10
---------
CNCT: LAN
SP: Đầu bấm dây cáp mạng hiệu ENSOHO mã EN-RJ45C6B RJ-45 Cat6e 8P8C
SL: 0
---------
2024/08/26 15:40:52 main_run,line: 199     INFO | ---results---: Anh/chị xin thông cảm! Hiện tại hàng tại quảng bình đã hết hãy liên hệ chi nhánh để bổ sung thêm hàng 

Tổng số lượng hàng hóa trên cả nước là 78 (ngoại trừ kho kv)
---------
CNCT: TQG
SP: Dây nhảy UTP Cat6
SL: 6
---------
CNCT: LAN
SP: Ổ đĩa cứng của máy vi tính hiệu Seagate 6000GB (SkyHawk) ST6000VX001
SL: 1
---------
CNCT: HCM
SP: Cáp UTP Cat6 4x2 (305m/hộp)
SL: 3
---------
CNCT: LSN
SP: Đồng hồ cho hệ thống zero export, model: SDT670V
SL: 1
---------
CNCT: NAN
SP: Dây cáp mạng DS-1LN6UZC0 305m CAT6
SL: 0
---------
CNCT: KHA
SP: Đồng hồ cho hệ thống zero export, model: SDT670V
SL: 1
---------
CNCT: LDG
SP: Thẻ nhớ Micro SD chưa ghi hiệu EZVIZ mã CS-CMT-CARDT64G dùng cho máy tính và thiết bị di động 64Gb
SL: 37
---------
CNCT: HCM
SP: Dây nhảy UTP Cat6
SL: 19
---------
CNCT: NAN
SP: Dây cáp mạng Cat6 Hikvision DS-1LN6-UE-W
SL: 10
---------
CNCT: LAN
SP: Đầu bấm dây cáp mạng hiệu ENSOHO mã EN-RJ45C6B RJ-45 Cat6e 8P8C
SL: 0
---------
2024/08/26 15:40:52 main_run,line: 199     INFO | ---results---: Anh/chị xin thông cảm! Hiện tại hàng tại quảng bình đã hết hãy liên hệ chi nhánh để bổ sung thêm hàng 

Tổng số lượng hàng hóa trên cả nước là 78 (ngoại trừ kho kv)
---------
CNCT: TQG
SP: Dây nhảy UTP Cat6
SL: 6
---------
CNCT: LAN
SP: Ổ đĩa cứng của máy vi tính hiệu Seagate 6000GB (SkyHawk) ST6000VX001
SL: 1
---------
CNCT: HCM
SP: Cáp UTP Cat6 4x2 (305m/hộp)
SL: 3
---------
CNCT: LSN
SP: Đồng hồ cho hệ thống zero export, model: SDT670V
SL: 1
---------
CNCT: NAN
SP: Dây cáp mạng DS-1LN6UZC0 305m CAT6
SL: 0
---------
CNCT: KHA
SP: Đồng hồ cho hệ thống zero export, model: SDT670V
SL: 1
---------
CNCT: LDG
SP: Thẻ nhớ Micro SD chưa ghi hiệu EZVIZ mã CS-CMT-CARDT64G dùng cho máy tính và thiết bị di động 64Gb
SL: 37
---------
CNCT: HCM
SP: Dây nhảy UTP Cat6
SL: 19
---------
CNCT: NAN
SP: Dây cáp mạng Cat6 Hikvision DS-1LN6-UE-W
SL: 10
---------
CNCT: LAN
SP: Đầu bấm dây cáp mạng hiệu ENSOHO mã EN-RJ45C6B RJ-45 Cat6e 8P8C
SL: 0
---------
2024/08/26 15:41:24 log_file,line: 27     INFO | +++++++++++++++++++++++++++++++++++++++++++++++++++++++++++++++++++++++++++++++++++++++++++++++++++++++++++++
2024/08/26 15:41:24 log_file,line: 27     INFO | +++++++++++++++++++++++++++++++++++++++++++++++++++++++++++++++++++++++++++++++++++++++++++++++++++++++++++++
2024/08/26 15:41:24 log_file,line: 27     INFO | +++++++++++++++++++++++++++++++++++++++++++++++++++++++++++++++++++++++++++++++++++++++++++++++++++++++++++++
2024/08/26 15:41:24 log_file,line: 27     INFO | +++++++++++++++++++++++++++++++++++++++++++++++++++++++++++++++++++++++++++++++++++++++++++++++++++++++++++++
2024/08/26 15:41:24 log_file,line: 28     INFO | Logger object created successfully..
2024/08/26 15:41:24 log_file,line: 28     INFO | Logger object created successfully..
2024/08/26 15:41:24 log_file,line: 28     INFO | Logger object created successfully..
2024/08/26 15:41:24 log_file,line: 28     INFO | Logger object created successfully..
2024/08/26 15:41:24 app_chat7,line: 32     INFO | ----------------NEW_SESSION--------------
2024/08/26 15:41:24 app_chat7,line: 32     INFO | ----------------NEW_SESSION--------------
2024/08/26 15:41:24 app_chat7,line: 32     INFO | ----------------NEW_SESSION--------------
2024/08/26 15:41:24 app_chat7,line: 32     INFO | ----------------NEW_SESSION--------------
2024/08/26 15:41:24 app_chat7,line: 33     INFO | InputText: None
2024/08/26 15:41:24 app_chat7,line: 33     INFO | InputText: None
2024/08/26 15:41:24 app_chat7,line: 33     INFO | InputText: None
2024/08/26 15:41:24 app_chat7,line: 33     INFO | InputText: None
2024/08/26 15:41:24 main_run,line: 177     INFO | ---Inventory---
2024/08/26 15:41:24 main_run,line: 177     INFO | ---Inventory---
2024/08/26 15:41:24 main_run,line: 177     INFO | ---Inventory---
2024/08/26 15:41:24 main_run,line: 177     INFO | ---Inventory---
2024/08/26 15:41:24 db_postgresql,line: 71     INFO | ======== logs_chat_saleman sucessfully! ==========}
2024/08/26 15:41:24 db_postgresql,line: 71     INFO | ======== logs_chat_saleman sucessfully! ==========}
2024/08/26 15:41:24 db_postgresql,line: 71     INFO | ======== logs_chat_saleman sucessfully! ==========}
2024/08/26 15:41:24 db_postgresql,line: 71     INFO | ======== logs_chat_saleman sucessfully! ==========}
2024/08/26 15:41:24 main_run,line: 199     INFO | ---results---: Anh/chị xin thông cảm! Hiện tại hàng tại quảng bình đã hết hãy liên hệ chi nhánh để bổ sung thêm hàng hoặc kiểm tra lại thông tin sản phẩm muốn tra cứu.
2024/08/26 15:41:24 main_run,line: 199     INFO | ---results---: Anh/chị xin thông cảm! Hiện tại hàng tại quảng bình đã hết hãy liên hệ chi nhánh để bổ sung thêm hàng hoặc kiểm tra lại thông tin sản phẩm muốn tra cứu.
2024/08/26 15:41:24 main_run,line: 199     INFO | ---results---: Anh/chị xin thông cảm! Hiện tại hàng tại quảng bình đã hết hãy liên hệ chi nhánh để bổ sung thêm hàng hoặc kiểm tra lại thông tin sản phẩm muốn tra cứu.
2024/08/26 15:41:24 main_run,line: 199     INFO | ---results---: Anh/chị xin thông cảm! Hiện tại hàng tại quảng bình đã hết hãy liên hệ chi nhánh để bổ sung thêm hàng hoặc kiểm tra lại thông tin sản phẩm muốn tra cứu.
2024/08/26 15:56:47 log_file,line: 27     INFO | +++++++++++++++++++++++++++++++++++++++++++++++++++++++++++++++++++++++++++++++++++++++++++++++++++++++++++++
2024/08/26 15:56:47 log_file,line: 27     INFO | +++++++++++++++++++++++++++++++++++++++++++++++++++++++++++++++++++++++++++++++++++++++++++++++++++++++++++++
2024/08/26 15:56:47 log_file,line: 27     INFO | +++++++++++++++++++++++++++++++++++++++++++++++++++++++++++++++++++++++++++++++++++++++++++++++++++++++++++++
2024/08/26 15:56:47 log_file,line: 27     INFO | +++++++++++++++++++++++++++++++++++++++++++++++++++++++++++++++++++++++++++++++++++++++++++++++++++++++++++++
2024/08/26 15:56:47 log_file,line: 27     INFO | +++++++++++++++++++++++++++++++++++++++++++++++++++++++++++++++++++++++++++++++++++++++++++++++++++++++++++++
2024/08/26 15:56:47 log_file,line: 28     INFO | Logger object created successfully..
2024/08/26 15:56:47 log_file,line: 28     INFO | Logger object created successfully..
2024/08/26 15:56:47 log_file,line: 28     INFO | Logger object created successfully..
2024/08/26 15:56:47 log_file,line: 28     INFO | Logger object created successfully..
2024/08/26 15:56:47 log_file,line: 28     INFO | Logger object created successfully..
2024/08/26 15:56:47 app_chat7,line: 32     INFO | ----------------NEW_SESSION--------------
2024/08/26 15:56:47 app_chat7,line: 32     INFO | ----------------NEW_SESSION--------------
2024/08/26 15:56:47 app_chat7,line: 32     INFO | ----------------NEW_SESSION--------------
2024/08/26 15:56:47 app_chat7,line: 32     INFO | ----------------NEW_SESSION--------------
2024/08/26 15:56:47 app_chat7,line: 32     INFO | ----------------NEW_SESSION--------------
2024/08/26 15:56:47 app_chat7,line: 33     INFO | InputText: None
2024/08/26 15:56:47 app_chat7,line: 33     INFO | InputText: None
2024/08/26 15:56:47 app_chat7,line: 33     INFO | InputText: None
2024/08/26 15:56:47 app_chat7,line: 33     INFO | InputText: None
2024/08/26 15:56:47 app_chat7,line: 33     INFO | InputText: None
2024/08/26 15:56:47 main_run,line: 177     INFO | ---Inventory---
2024/08/26 15:56:47 main_run,line: 177     INFO | ---Inventory---
2024/08/26 15:56:47 main_run,line: 177     INFO | ---Inventory---
2024/08/26 15:56:47 main_run,line: 177     INFO | ---Inventory---
2024/08/26 15:56:47 main_run,line: 177     INFO | ---Inventory---
2024/08/26 15:56:47 db_postgresql,line: 71     INFO | ======== logs_chat_saleman sucessfully! ==========}
2024/08/26 15:56:47 db_postgresql,line: 71     INFO | ======== logs_chat_saleman sucessfully! ==========}
2024/08/26 15:56:47 db_postgresql,line: 71     INFO | ======== logs_chat_saleman sucessfully! ==========}
2024/08/26 15:56:47 db_postgresql,line: 71     INFO | ======== logs_chat_saleman sucessfully! ==========}
2024/08/26 15:56:47 db_postgresql,line: 71     INFO | ======== logs_chat_saleman sucessfully! ==========}
2024/08/26 15:56:47 main_run,line: 199     INFO | ---results---: Tên Kho: Kho CNCT QBH - Kinh doanh GPTH
Mã kho: MKQBH001009
SL: 20
---------
Tên Kho: Kho  QBH Trung tâm Quảng Trạch - Kinh doanh GPTH
Mã kho: MKAIO_QBH_TTH_5
SL: 4
---------
Tên Kho: Kho  QBH Trung tâm Thành phố - Quảng Ninh - Kinh doanh GPTH
Mã kho: MKAIO_QBH_TTH_2_3
SL: 1
---------
2024/08/26 15:56:47 main_run,line: 199     INFO | ---results---: Tên Kho: Kho CNCT QBH - Kinh doanh GPTH
Mã kho: MKQBH001009
SL: 20
---------
Tên Kho: Kho  QBH Trung tâm Quảng Trạch - Kinh doanh GPTH
Mã kho: MKAIO_QBH_TTH_5
SL: 4
---------
Tên Kho: Kho  QBH Trung tâm Thành phố - Quảng Ninh - Kinh doanh GPTH
Mã kho: MKAIO_QBH_TTH_2_3
SL: 1
---------
2024/08/26 15:56:47 main_run,line: 199     INFO | ---results---: Tên Kho: Kho CNCT QBH - Kinh doanh GPTH
Mã kho: MKQBH001009
SL: 20
---------
Tên Kho: Kho  QBH Trung tâm Quảng Trạch - Kinh doanh GPTH
Mã kho: MKAIO_QBH_TTH_5
SL: 4
---------
Tên Kho: Kho  QBH Trung tâm Thành phố - Quảng Ninh - Kinh doanh GPTH
Mã kho: MKAIO_QBH_TTH_2_3
SL: 1
---------
2024/08/26 15:56:47 main_run,line: 199     INFO | ---results---: Tên Kho: Kho CNCT QBH - Kinh doanh GPTH
Mã kho: MKQBH001009
SL: 20
---------
Tên Kho: Kho  QBH Trung tâm Quảng Trạch - Kinh doanh GPTH
Mã kho: MKAIO_QBH_TTH_5
SL: 4
---------
Tên Kho: Kho  QBH Trung tâm Thành phố - Quảng Ninh - Kinh doanh GPTH
Mã kho: MKAIO_QBH_TTH_2_3
SL: 1
---------
2024/08/26 15:56:47 main_run,line: 199     INFO | ---results---: Tên Kho: Kho CNCT QBH - Kinh doanh GPTH
Mã kho: MKQBH001009
SL: 20
---------
Tên Kho: Kho  QBH Trung tâm Quảng Trạch - Kinh doanh GPTH
Mã kho: MKAIO_QBH_TTH_5
SL: 4
---------
Tên Kho: Kho  QBH Trung tâm Thành phố - Quảng Ninh - Kinh doanh GPTH
Mã kho: MKAIO_QBH_TTH_2_3
SL: 1
---------
2024/08/26 22:31:35 log_file,line: 27     INFO | +++++++++++++++++++++++++++++++++++++++++++++++++++++++++++++++++++++++++++++++++++++++++++++++++++++++++++++
2024/08/26 22:31:35 log_file,line: 28     INFO | Logger object created successfully..
2024/08/26 22:31:35 app_chat7,line: 32     INFO | ----------------NEW_SESSION--------------
2024/08/26 22:31:35 app_chat7,line: 33     INFO | InputText: tồn kho
2024/08/26 22:31:35 main_run,line: 131     INFO | ---ChatText---
2024/08/26 22:31:35 chat,line: 81     INFO | =====rasa=====
2024/08/26 22:31:35 chat,line: 100     INFO | +rasa out+:
Anh/chị vui lòng nhập mã hoặc tên sản phẩm và mã tỉnh theo mẫu sau:
2024/08/26 22:31:35 chat,line: 102     INFO | ====rasa done!====
2024/08/26 22:31:35 db_postgresql,line: 71     INFO | ======== logs_chat_saleman sucessfully! ==========}
2024/08/26 22:31:35 main_run,line: 199     INFO | ---results---: Anh/chị vui lòng nhập mã hoặc tên sản phẩm và mã tỉnh theo mẫu sau:
2024/08/27 06:48:11 log_file,line: 27     INFO | +++++++++++++++++++++++++++++++++++++++++++++++++++++++++++++++++++++++++++++++++++++++++++++++++++++++++++++
2024/08/27 06:48:11 log_file,line: 28     INFO | Logger object created successfully..
2024/08/27 06:48:11 app_chat7,line: 32     INFO | ----------------NEW_SESSION--------------
2024/08/27 06:48:11 app_chat7,line: 33     INFO | InputText: None
2024/08/27 06:48:11 db_postgresql,line: 71     INFO | ======== logs_chat_saleman sucessfully! ==========}
2024/08/27 06:48:11 main_run,line: 199     INFO | ---results---: Xin chào! Mình là trợ lý AI của bạn tại AIO. Mình đang phát triển nên không phải lúc nào cũng đúng. Bạn có thể phản hồi để giúp mình cải thiện tốt hơn. Mình sẵn sàng giúp bạn với câu hỏi về chính sách và tìm kiếm sản phẩm. Hôm nay bạn cần mình hỗ trợ gì không?
2024/08/27 08:13:06 log_file,line: 27     INFO | +++++++++++++++++++++++++++++++++++++++++++++++++++++++++++++++++++++++++++++++++++++++++++++++++++++++++++++
2024/08/27 08:13:06 log_file,line: 28     INFO | Logger object created successfully..
2024/08/27 08:13:06 app_chat7,line: 32     INFO | ----------------NEW_SESSION--------------
2024/08/27 08:13:06 app_chat7,line: 33     INFO | InputText: Bạn muốn tra cứu hàng tồn kho?
2024/08/27 08:13:06 main_run,line: 131     INFO | ---ChatText---
2024/08/27 08:13:06 chat,line: 81     INFO | =====rasa=====
2024/08/27 08:13:06 chat,line: 100     INFO | +rasa out+:
Anh/chị vui lòng nhập mã hoặc tên sản phẩm và mã tỉnh theo mẫu sau:
2024/08/27 08:13:06 chat,line: 102     INFO | ====rasa done!====
2024/08/27 08:13:06 db_postgresql,line: 71     INFO | ======== logs_chat_saleman sucessfully! ==========}
2024/08/27 08:13:06 main_run,line: 199     INFO | ---results---: Anh/chị vui lòng nhập mã hoặc tên sản phẩm và mã tỉnh theo mẫu sau:
